<?xml version="1.0" encoding="UTF-8"?>
<testsuite xmlns:xsi="http://www.w3.org/2001/XMLSchema-instance" xsi:noNamespaceSchemaLocation="https://maven.apache.org/surefire/maven-surefire-plugin/xsd/surefire-test-report.xsd" name="com.iesvjp.hibernate.PruebaValoresEntidades.AppTest" time="0.043" tests="1" errors="0" skipped="0" failures="0">
  <properties>
    <property name="java.specification.version" value="17"/>
    <property name="sun.cpu.isalist" value="amd64"/>
    <property name="sun.jnu.encoding" value="Cp1252"/>
    <property name="java.class.path" value="D:\Usuarios\wmartinl01\Repositorios\AD\UT4-Herramientas de Mapeo Objeto Relacional (ORM)\PruebaValoresEntidades\target\test-classes;D:\Usuarios\wmartinl01\Repositorios\AD\UT4-Herramientas de Mapeo Objeto Relacional (ORM)\PruebaValoresEntidades\target\classes;D:\Usuarios\wmartinl01\.m2\repository\junit\junit\4.11\junit-4.11.jar;D:\Usuarios\wmartinl01\.m2\repository\org\hamcrest\hamcrest-core\1.3\hamcrest-core-1.3.jar;D:\Usuarios\wmartinl01\.m2\repository\org\hibernate\hibernate-entitymanager\5.2.9.Final\hibernate-entitymanager-5.2.9.Final.jar;D:\Usuarios\wmartinl01\.m2\repository\org\jboss\logging\jboss-logging\3.3.0.Final\jboss-logging-3.3.0.Final.jar;D:\Usuarios\wmartinl01\.m2\repository\org\hibernate\hibernate-core\5.2.9.Final\hibernate-core-5.2.9.Final.jar;D:\Usuarios\wmartinl01\.m2\repository\antlr\antlr\2.7.7\antlr-2.7.7.jar;D:\Usuarios\wmartinl01\.m2\repository\org\jboss\jandex\2.0.3.Final\jandex-2.0.3.Final.jar;D:\Usuarios\wmartinl01\.m2\repository\com\fasterxml\classmate\1.3.0\classmate-1.3.0.jar;D:\Usuarios\wmartinl01\.m2\repository\dom4j\dom4j\1.6.1\dom4j-1.6.1.jar;D:\Usuarios\wmartinl01\.m2\repository\org\hibernate\common\hibernate-commons-annotations\5.0.1.Final\hibernate-commons-annotations-5.0.1.Final.jar;D:\Usuarios\wmartinl01\.m2\repository\org\hibernate\javax\persistence\hibernate-jpa-2.1-api\1.0.0.Final\hibernate-jpa-2.1-api-1.0.0.Final.jar;D:\Usuarios\wmartinl01\.m2\repository\net\bytebuddy\byte-buddy\1.6.6\byte-buddy-1.6.6.jar;D:\Usuarios\wmartinl01\.m2\repository\org\jboss\spec\javax\transaction\jboss-transaction-api_1.2_spec\1.0.1.Final\jboss-transaction-api_1.2_spec-1.0.1.Final.jar;D:\Usuarios\wmartinl01\.m2\repository\mysql\mysql-connector-java\8.0.20\mysql-connector-java-8.0.20.jar;D:\Usuarios\wmartinl01\.m2\repository\com\google\protobuf\protobuf-java\3.6.1\protobuf-java-3.6.1.jar;D:\Usuarios\wmartinl01\.m2\repository\jakarta\xml\bind\jakarta.xml.bind-api\2.3.2\jakarta.xml.bind-api-2.3.2.jar;D:\Usuarios\wmartinl01\.m2\repository\jakarta\activation\jakarta.activation-api\1.2.1\jakarta.activation-api-1.2.1.jar;D:\Usuarios\wmartinl01\.m2\repository\org\glassfish\jaxb\jaxb-runtime\2.3.2\jaxb-runtime-2.3.2.jar;D:\Usuarios\wmartinl01\.m2\repository\org\glassfish\jaxb\txw2\2.3.2\txw2-2.3.2.jar;D:\Usuarios\wmartinl01\.m2\repository\com\sun\istack\istack-commons-runtime\3.0.8\istack-commons-runtime-3.0.8.jar;D:\Usuarios\wmartinl01\.m2\repository\org\jvnet\staxex\stax-ex\1.8.1\stax-ex-1.8.1.jar;D:\Usuarios\wmartinl01\.m2\repository\com\sun\xml\fastinfoset\FastInfoset\1.2.16\FastInfoset-1.2.16.jar;D:\Usuarios\wmartinl01\.m2\repository\org\javassist\javassist\3.25.0-GA\javassist-3.25.0-GA.jar;"/>
    <property name="java.vm.vendor" value="Eclipse Adoptium"/>
    <property name="sun.arch.data.model" value="64"/>
    <property name="user.variant" value=""/>
    <property name="java.vendor.url" value="https://adoptium.net/"/>
    <property name="user.timezone" value="Europe/Madrid"/>
    <property name="os.name" value="Windows 10"/>
    <property name="java.vm.specification.version" value="17"/>
    <property name="sun.java.launcher" value="SUN_STANDARD"/>
    <property name="user.country" value="ES"/>
    <property name="sun.boot.library.path" value="D:\Usuarios\wmartinl01\sts-4.20.1.RELEASE\plugins\org.eclipse.justj.openjdk.hotspot.jre.full.win32.x86_64_17.0.8.v20230831-1047\jre\bin"/>
    <property name="sun.java.command" value="D:\Usuarios\WMARTI~1\AppData\Local\Temp\surefire13211306258310253839\surefirebooter6403765638374613241.jar D:\Usuarios\wmartinl01\AppData\Local\Temp\surefire13211306258310253839 2023-11-23T16-17-07_710-jvmRun1 surefire18262044952658246201tmp surefire_05748413925647120060tmp"/>
    <property name="jdk.debug" value="release"/>
    <property name="surefire.test.class.path" value="D:\Usuarios\wmartinl01\Repositorios\AD\UT4-Herramientas de Mapeo Objeto Relacional (ORM)\PruebaValoresEntidades\target\test-classes;D:\Usuarios\wmartinl01\Repositorios\AD\UT4-Herramientas de Mapeo Objeto Relacional (ORM)\PruebaValoresEntidades\target\classes;D:\Usuarios\wmartinl01\.m2\repository\junit\junit\4.11\junit-4.11.jar;D:\Usuarios\wmartinl01\.m2\repository\org\hamcrest\hamcrest-core\1.3\hamcrest-core-1.3.jar;D:\Usuarios\wmartinl01\.m2\repository\org\hibernate\hibernate-entitymanager\5.2.9.Final\hibernate-entitymanager-5.2.9.Final.jar;D:\Usuarios\wmartinl01\.m2\repository\org\jboss\logging\jboss-logging\3.3.0.Final\jboss-logging-3.3.0.Final.jar;D:\Usuarios\wmartinl01\.m2\repository\org\hibernate\hibernate-core\5.2.9.Final\hibernate-core-5.2.9.Final.jar;D:\Usuarios\wmartinl01\.m2\repository\antlr\antlr\2.7.7\antlr-2.7.7.jar;D:\Usuarios\wmartinl01\.m2\repository\org\jboss\jandex\2.0.3.Final\jandex-2.0.3.Final.jar;D:\Usuarios\wmartinl01\.m2\repository\com\fasterxml\classmate\1.3.0\classmate-1.3.0.jar;D:\Usuarios\wmartinl01\.m2\repository\dom4j\dom4j\1.6.1\dom4j-1.6.1.jar;D:\Usuarios\wmartinl01\.m2\repository\org\hibernate\common\hibernate-commons-annotations\5.0.1.Final\hibernate-commons-annotations-5.0.1.Final.jar;D:\Usuarios\wmartinl01\.m2\repository\org\hibernate\javax\persistence\hibernate-jpa-2.1-api\1.0.0.Final\hibernate-jpa-2.1-api-1.0.0.Final.jar;D:\Usuarios\wmartinl01\.m2\repository\net\bytebuddy\byte-buddy\1.6.6\byte-buddy-1.6.6.jar;D:\Usuarios\wmartinl01\.m2\repository\org\jboss\spec\javax\transaction\jboss-transaction-api_1.2_spec\1.0.1.Final\jboss-transaction-api_1.2_spec-1.0.1.Final.jar;D:\Usuarios\wmartinl01\.m2\repository\mysql\mysql-connector-java\8.0.20\mysql-connector-java-8.0.20.jar;D:\Usuarios\wmartinl01\.m2\repository\com\google\protobuf\protobuf-java\3.6.1\protobuf-java-3.6.1.jar;D:\Usuarios\wmartinl01\.m2\repository\jakarta\xml\bind\jakarta.xml.bind-api\2.3.2\jakarta.xml.bind-api-2.3.2.jar;D:\Usuarios\wmartinl01\.m2\repository\jakarta\activation\jakarta.activation-api\1.2.1\jakarta.activation-api-1.2.1.jar;D:\Usuarios\wmartinl01\.m2\repository\org\glassfish\jaxb\jaxb-runtime\2.3.2\jaxb-runtime-2.3.2.jar;D:\Usuarios\wmartinl01\.m2\repository\org\glassfish\jaxb\txw2\2.3.2\txw2-2.3.2.jar;D:\Usuarios\wmartinl01\.m2\repository\com\sun\istack\istack-commons-runtime\3.0.8\istack-commons-runtime-3.0.8.jar;D:\Usuarios\wmartinl01\.m2\repository\org\jvnet\staxex\stax-ex\1.8.1\stax-ex-1.8.1.jar;D:\Usuarios\wmartinl01\.m2\repository\com\sun\xml\fastinfoset\FastInfoset\1.2.16\FastInfoset-1.2.16.jar;D:\Usuarios\wmartinl01\.m2\repository\org\javassist\javassist\3.25.0-GA\javassist-3.25.0-GA.jar;"/>
    <property name="sun.cpu.endian" value="little"/>
    <property name="user.home" value="D:\Usuarios\wmartinl01"/>
    <property name="user.language" value="es"/>
    <property name="java.specification.vendor" value="Oracle Corporation"/>
    <property name="java.version.date" value="2023-08-24"/>
    <property name="java.home" value="D:\Usuarios\wmartinl01\sts-4.20.1.RELEASE\plugins\org.eclipse.justj.openjdk.hotspot.jre.full.win32.x86_64_17.0.8.v20230831-1047\jre"/>
    <property name="file.separator" value="\"/>
    <property name="style.color" value="always"/>
    <property name="basedir" value="D:\Usuarios\wmartinl01\Repositorios\AD\UT4-Herramientas de Mapeo Objeto Relacional (ORM)\PruebaValoresEntidades"/>
    <property name="java.vm.compressedOopsMode" value="Zero based"/>
    <property name="line.separator" value="&#10;"/>
    <property name="java.vm.specification.vendor" value="Oracle Corporation"/>
    <property name="java.specification.name" value="Java Platform API Specification"/>
    <property name="surefire.real.class.path" value="D:\Usuarios\WMARTI~1\AppData\Local\Temp\surefire13211306258310253839\surefirebooter6403765638374613241.jar"/>
    <property name="user.script" value=""/>
    <property name="sun.management.compiler" value="HotSpot 64-Bit Tiered Compilers"/>
    <property name="java.runtime.version" value="17.0.8.1+1"/>
    <property name="user.name" value="wmartinl01"/>
    <property name="path.separator" value=";"/>
    <property name="os.version" value="10.0"/>
    <property name="java.runtime.name" value="OpenJDK Runtime Environment"/>
    <property name="file.encoding" value="Cp1252"/>
    <property name="java.vm.name" value="OpenJDK 64-Bit Server VM"/>
    <property name="java.vendor.version" value="Temurin-17.0.8.1+1"/>
    <property name="localRepository" value="D:\Usuarios\wmartinl01\.m2\repository"/>
    <property name="java.vendor.url.bug" value="https://github.com/adoptium/adoptium-support/issues"/>
    <property name="java.io.tmpdir" value="D:\Usuarios\WMARTI~1\AppData\Local\Temp\"/>
    <property name="java.version" value="17.0.8.1"/>
    <property name="user.dir" value="D:\Usuarios\wmartinl01\Repositorios\AD\UT4-Herramientas de Mapeo Objeto Relacional (ORM)\PruebaValoresEntidades"/>
    <property name="os.arch" value="amd64"/>
    <property name="java.vm.specification.name" value="Java Virtual Machine Specification"/>
    <property name="sun.os.patch.level" value=""/>
    <property name="native.encoding" value="Cp1252"/>
    <property name="java.library.path" value="D:\Usuarios\wmartinl01\sts-4.20.1.RELEASE\plugins\org.eclipse.justj.openjdk.hotspot.jre.full.win32.x86_64_17.0.8.v20230831-1047\jre\bin;C:\Windows\Sun\Java\bin;C:\Windows\system32;C:\Windows;D:/Usuarios/wmartinl01/sts-4.20.1.RELEASE//plugins/org.eclipse.justj.openjdk.hotspot.jre.full.win32.x86_64_17.0.8.v20230831-1047/jre/bin/server;D:/Usuarios/wmartinl01/sts-4.20.1.RELEASE//plugins/org.eclipse.justj.openjdk.hotspot.jre.full.win32.x86_64_17.0.8.v20230831-1047/jre/bin;C:\Program Files (x86)\VMware\VMware Player\bin\;C:\Program Files\Common Files\Oracle\Java\javapath;C:\Python311\Scripts\;C:\Python311\;C:\oraclexe\app\oracle\product\11.2.0\server\bin;C:\Python310\Scripts\;C:\Python310\;C:\Windows\system32;C:\Windows;C:\Windows\System32\Wbem;C:\Windows\System32\WindowsPowerShell\v1.0\;C:\Windows\System32\OpenSSH\;C:\ProgramData\chocolatey\bin;C:\tools\BCURRAN3;C:\Program Files\Microsoft VS Code\bin;C:\Program Files\Puppet Labs\Puppet\bin;C:\Program Files\OpenSSH-Win64;C:\Program Files (x86)\QuickTime\QTSystem\;C:\Program Files\dotnet\;C:\Program Files (x86)\dotnet\;C:\Program Files (x86)\GtkSharp\2.12\bin;C:\Program Files (x86)\BaseX\bin;C:\Program Files\nodejs\;C:\Program Files\OpenSSH\bin;C:\HashiCorp\Vagrant\bin;C:\Program Files\Docker\Docker\resources\bin;D:\Usuarios\wmartinl01\AppData\Local\Microsoft\WindowsApps;D:\Usuarios\wmartinl01\AppData\Local\GitHubDesktop\bin;D:\Usuarios\wmartinl01\AppData\Local\JetBrains\IntelliJ IDEA 2023.2.2\bin;;D:\Usuarios\wmartinl01\AppData\Local\Programs\Git\cmd;D:\Usuarios\wmartinl01\sts-4.20.1.RELEASE;;."/>
    <property name="java.vm.info" value="mixed mode"/>
    <property name="java.vendor" value="Eclipse Adoptium"/>
    <property name="java.vm.version" value="17.0.8.1+1"/>
    <property name="sun.io.unicode.encoding" value="UnicodeLittle"/>
    <property name="java.class.version" value="61.0"/>
  </properties>
  <testcase name="shouldAnswerWithTrue" classname="com.iesvjp.hibernate.PruebaValoresEntidades.AppTest" time="0.008"/>
</testsuite>